04:29:51 **** Build of configuration Debug for project EV19 RISCV ****
make all 
Building file: ../libfixmath/fix16.c
Invoking: GNU RISC-V Cross C Compiler
riscv-none-embed-gcc -march=rv32im -mabi=ilp32 -msmall-data-limit=8 -mstrict-align -mno-save-restore -Os -fmessage-length=0 -fsigned-char -ffunction-sections -fdata-sections -Wall -I"C:\Users\Tobias\eclipse-workspace\EV19 RISCV\libfixmath" -I"C:\Users\Tobias\eclipse-workspace\EV19 RISCV\Drivers" -std=gnu11 -Wa,-adhlns="libfixmath/fix16.o.lst" -MMD -MP -MF"libfixmath/fix16.d" -MT"libfixmath/fix16.o" -c -o "libfixmath/fix16.o" "../libfixmath/fix16.c"
Finished building: ../libfixmath/fix16.c
 
Building file: ../libfixmath/fix16_exp.c
Invoking: GNU RISC-V Cross C Compiler
riscv-none-embed-gcc -march=rv32im -mabi=ilp32 -msmall-data-limit=8 -mstrict-align -mno-save-restore -Os -fmessage-length=0 -fsigned-char -ffunction-sections -fdata-sections -Wall -I"C:\Users\Tobias\eclipse-workspace\EV19 RISCV\libfixmath" -I"C:\Users\Tobias\eclipse-workspace\EV19 RISCV\Drivers" -std=gnu11 -Wa,-adhlns="libfixmath/fix16_exp.o.lst" -MMD -MP -MF"libfixmath/fix16_exp.d" -MT"libfixmath/fix16_exp.o" -c -o "libfixmath/fix16_exp.o" "../libfixmath/fix16_exp.c"
Finished building: ../libfixmath/fix16_exp.c
 
Building file: ../libfixmath/fix16_sqrt.c
Invoking: GNU RISC-V Cross C Compiler
riscv-none-embed-gcc -march=rv32im -mabi=ilp32 -msmall-data-limit=8 -mstrict-align -mno-save-restore -Os -fmessage-length=0 -fsigned-char -ffunction-sections -fdata-sections -Wall -I"C:\Users\Tobias\eclipse-workspace\EV19 RISCV\libfixmath" -I"C:\Users\Tobias\eclipse-workspace\EV19 RISCV\Drivers" -std=gnu11 -Wa,-adhlns="libfixmath/fix16_sqrt.o.lst" -MMD -MP -MF"libfixmath/fix16_sqrt.d" -MT"libfixmath/fix16_sqrt.o" -c -o "libfixmath/fix16_sqrt.o" "../libfixmath/fix16_sqrt.c"
Finished building: ../libfixmath/fix16_sqrt.c
 
Building file: ../libfixmath/fix16_trig.c
Invoking: GNU RISC-V Cross C Compiler
riscv-none-embed-gcc -march=rv32im -mabi=ilp32 -msmall-data-limit=8 -mstrict-align -mno-save-restore -Os -fmessage-length=0 -fsigned-char -ffunction-sections -fdata-sections -Wall -I"C:\Users\Tobias\eclipse-workspace\EV19 RISCV\libfixmath" -I"C:\Users\Tobias\eclipse-workspace\EV19 RISCV\Drivers" -std=gnu11 -Wa,-adhlns="libfixmath/fix16_trig.o.lst" -MMD -MP -MF"libfixmath/fix16_trig.d" -MT"libfixmath/fix16_trig.o" -c -o "libfixmath/fix16_trig.o" "../libfixmath/fix16_trig.c"
Finished building: ../libfixmath/fix16_trig.c
 
Building file: ../libfixmath/fract32.c
Invoking: GNU RISC-V Cross C Compiler
riscv-none-embed-gcc -march=rv32im -mabi=ilp32 -msmall-data-limit=8 -mstrict-align -mno-save-restore -Os -fmessage-length=0 -fsigned-char -ffunction-sections -fdata-sections -Wall -I"C:\Users\Tobias\eclipse-workspace\EV19 RISCV\libfixmath" -I"C:\Users\Tobias\eclipse-workspace\EV19 RISCV\Drivers" -std=gnu11 -Wa,-adhlns="libfixmath/fract32.o.lst" -MMD -MP -MF"libfixmath/fract32.d" -MT"libfixmath/fract32.o" -c -o "libfixmath/fract32.o" "../libfixmath/fract32.c"
Finished building: ../libfixmath/fract32.c
 
Building file: ../libfixmath/uint32.c
Invoking: GNU RISC-V Cross C Compiler
riscv-none-embed-gcc -march=rv32im -mabi=ilp32 -msmall-data-limit=8 -mstrict-align -mno-save-restore -Os -fmessage-length=0 -fsigned-char -ffunction-sections -fdata-sections -Wall -I"C:\Users\Tobias\eclipse-workspace\EV19 RISCV\libfixmath" -I"C:\Users\Tobias\eclipse-workspace\EV19 RISCV\Drivers" -std=gnu11 -Wa,-adhlns="libfixmath/uint32.o.lst" -MMD -MP -MF"libfixmath/uint32.d" -MT"libfixmath/uint32.o" -c -o "libfixmath/uint32.o" "../libfixmath/uint32.c"
Finished building: ../libfixmath/uint32.c
 
Building file: ../Drivers/Keyboard.c
Invoking: GNU RISC-V Cross C Compiler
riscv-none-embed-gcc -march=rv32im -mabi=ilp32 -msmall-data-limit=8 -mstrict-align -mno-save-restore -Os -fmessage-length=0 -fsigned-char -ffunction-sections -fdata-sections -Wall -I"C:\Users\Tobias\eclipse-workspace\EV19 RISCV\libfixmath" -I"C:\Users\Tobias\eclipse-workspace\EV19 RISCV\Drivers" -std=gnu11 -Wa,-adhlns="Drivers/Keyboard.o.lst" -MMD -MP -MF"Drivers/Keyboard.d" -MT"Drivers/Keyboard.o" -c -o "Drivers/Keyboard.o" "../Drivers/Keyboard.c"
Finished building: ../Drivers/Keyboard.c
 
Building file: ../Drivers/PS2.c
Invoking: GNU RISC-V Cross C Compiler
riscv-none-embed-gcc -march=rv32im -mabi=ilp32 -msmall-data-limit=8 -mstrict-align -mno-save-restore -Os -fmessage-length=0 -fsigned-char -ffunction-sections -fdata-sections -Wall -I"C:\Users\Tobias\eclipse-workspace\EV19 RISCV\libfixmath" -I"C:\Users\Tobias\eclipse-workspace\EV19 RISCV\Drivers" -std=gnu11 -Wa,-adhlns="Drivers/PS2.o.lst" -MMD -MP -MF"Drivers/PS2.d" -MT"Drivers/PS2.o" -c -o "Drivers/PS2.o" "../Drivers/PS2.c"
../Drivers/PS2.c: In function 'PS2_Init':
../Drivers/PS2.c:9:12: warning: unused variable 'leds' [-Wunused-variable]
  uint8_t * leds= (uint8_t *)LEDS_BASE;
            ^~~~
../Drivers/PS2.c: In function 'PS2_WaitAck':
../Drivers/PS2.c:72:12: warning: unused variable 'leds' [-Wunused-variable]
  uint8_t * leds= (uint8_t *)LEDS_BASE;
            ^~~~
../Drivers/PS2.c: In function 'PS2_WriteByteWithAck':
../Drivers/PS2.c:94:12: warning: unused variable 'leds' [-Wunused-variable]
  uint8_t * leds= (uint8_t *)LEDS_BASE;
            ^~~~
../Drivers/PS2.c: In function 'PS2_ReadByte':
../Drivers/PS2.c:136:12: warning: unused variable 'leds' [-Wunused-variable]
  uint8_t * leds= (uint8_t *)LEDS_BASE;
            ^~~~
../Drivers/PS2.c: In function 'PS2_WriteByteWithAck':
../Drivers/PS2.c:107:1: warning: control reaches end of non-void function [-Wreturn-type]
 }
 ^
Finished building: ../Drivers/PS2.c
 
Building file: ../main.c
Invoking: GNU RISC-V Cross C Compiler
riscv-none-embed-gcc -march=rv32im -mabi=ilp32 -msmall-data-limit=8 -mstrict-align -mno-save-restore -Os -fmessage-length=0 -fsigned-char -ffunction-sections -fdata-sections -Wall -I"C:\Users\Tobias\eclipse-workspace\EV19 RISCV\libfixmath" -std=gnu11 -Wa,-adhlns="main.o.lst" -MMD -MP -MF"main.d" -MT"main.d" -c -o "main.o" "../main.c"
../main.c: In function 'keyboardTest':
../main.c:94:6: warning: unused variable 'status' [-Wunused-variable]
  int status = PS2_Init(PS21,&dev);
      ^~~~~~
../main.c: In function 'runningLed':
../main.c:133:13: warning: unused variable 'dip' [-Wunused-variable]
  uint32_t * dip = (uint32_t*) DIP_BASE;
             ^~~
../main.c: In function 'interactiveMandelbrot':
../main.c:241:6: warning: unused variable 'i' [-Wunused-variable]
  int i=0;
      ^
../main.c:239:6: warning: unused variable 'status' [-Wunused-variable]
  int status = PS2_Init(PS21,&dev);
      ^~~~~~
../main.c: In function 'mandelbrot':
../main.c:333:6: warning: unused variable 'status' [-Wunused-variable]
  int status = PS2_Init(PS21,&dev);
      ^~~~~~
Finished building: ../main.c
 
Building file: ../start.S
Invoking: GNU RISC-V Cross Assembler
riscv-none-embed-gcc -march=rv32im -mabi=ilp32 -msmall-data-limit=8 -mstrict-align -mno-save-restore -Os -fmessage-length=0 -fsigned-char -ffunction-sections -fdata-sections -Wall -x assembler-with-cpp -I"C:\Users\Tobias\eclipse-workspace\EV19 RISCV\libfixmath" -I"C:\Users\Tobias\eclipse-workspace\EV19 RISCV\Drivers" -Wa,-adhlns="start.o.lst" -MMD -MP -MF"start.d" -MT"start.o" -c -o "start.o" "../start.S"
Finished building: ../start.S
 
Building target: EV19 RISCV.elf
Invoking: GNU RISC-V Cross C Linker
riscv-none-embed-gcc -march=rv32im -mabi=ilp32 -msmall-data-limit=8 -mstrict-align -mno-save-restore -Os -fmessage-length=0 -fsigned-char -ffunction-sections -fdata-sections -Wall -T "C:\Users\Tobias\eclipse-workspace\EV19 RISCV\ls.ld" -nostartfiles -Xlinker --gc-sections -Wl,-Map,"EV19 RISCV.map" --specs=nosys.specs -v -o "EV19 RISCV.elf"  ./libfixmath/fix16.o ./libfixmath/fix16_exp.o ./libfixmath/fix16_sqrt.o ./libfixmath/fix16_trig.o ./libfixmath/fract32.o ./libfixmath/uint32.o  ./Drivers/Keyboard.o ./Drivers/PS2.o  ./main.o ./start.o   
Using built-in specs.
Reading specs from c:/users/tobias/appdata/roaming/gnu mcu eclipse/risc-v embedded gcc/8.1.0-2-20181019-0952/bin/../lib/gcc/riscv-none-embed/8.1.0/../../../../riscv-none-embed/lib/nosys.specs
rename spec link_gcc_c_sequence to nosys_link_gcc_c_sequence
COLLECT_GCC=riscv-none-embed-gcc
COLLECT_LTO_WRAPPER=c:/users/tobias/appdata/roaming/gnu\ mcu\ eclipse/risc-v\ embedded\ gcc/8.1.0-2-20181019-0952/bin/../lib/gcc/riscv-none-embed/8.1.0/lto-wrapper.exe
Target: riscv-none-embed
Configured with: /Host/Work/riscv-none-gcc-8.1.0-2/riscv-none-gcc-8.1.0-2-20181019/configure --prefix=/Host/Work/riscv-none-gcc-8.1.0-2/install/win64/riscv-none-gcc --libexecdir=/Host/Work/riscv-none-gcc-8.1.0-2/install/win64/riscv-none-gcc/lib --infodir=/Host/Work/riscv-none-gcc-8.1.0-2/install/win64/riscv-none-gcc/share/doc/info --mandir=/Host/Work/riscv-none-gcc-8.1.0-2/install/win64/riscv-none-gcc/share/doc/man --htmldir=/Host/Work/riscv-none-gcc-8.1.0-2/install/win64/riscv-none-gcc/share/doc/html --pdfdir=/Host/Work/riscv-none-gcc-8.1.0-2/install/win64/riscv-none-gcc/share/doc/pdf --build=x86_64-unknown-linux-gnu --host=x86_64-w64-mingw32 --target=riscv-none-embed --with-pkgversion='GNU MCU Eclipse RISC-V Embedded GCC\x2C 64-bit' --enable-languages=c,c++ --enable-mingw-wildcard --enable-plugins --disable-decimal-float --disable-libffi --disable-libgomp --disable-libmudflap --disable-libquadmath --disable-libssp --disable-libstdcxx-pch --disable-nls --disable-shared --disable-threads --enable-tls --enable-checking=yes --with-gnu-as --with-gnu-ld --with-newlib --with-headers=yes --with-python-dir=share/gcc-riscv-none-embed --with-sysroot=/Host/Work/riscv-none-gcc-8.1.0-2/install/win64/riscv-none-gcc/riscv-none-embed --with-abi=lp64d --with-arch=rv64imafdc --disable-rpath --disable-build-format-warnings --with-system-zlib
Thread model: single
gcc version 8.1.0 (GNU MCU Eclipse RISC-V Embedded GCC, 64-bit) 
COMPILER_PATH=c:/users/tobias/appdata/roaming/gnu mcu eclipse/risc-v embedded gcc/8.1.0-2-20181019-0952/bin/../lib/gcc/riscv-none-embed/8.1.0/;c:/users/tobias/appdata/roaming/gnu mcu eclipse/risc-v embedded gcc/8.1.0-2-20181019-0952/bin/../lib/gcc/;c:/users/tobias/appdata/roaming/gnu mcu eclipse/risc-v embedded gcc/8.1.0-2-20181019-0952/bin/../lib/gcc/riscv-none-embed/8.1.0/../../../../riscv-none-embed/bin/
LIBRARY_PATH=c:/users/tobias/appdata/roaming/gnu mcu eclipse/risc-v embedded gcc/8.1.0-2-20181019-0952/bin/../lib/gcc/riscv-none-embed/8.1.0/rv32im/ilp32/;c:/users/tobias/appdata/roaming/gnu mcu eclipse/risc-v embedded gcc/8.1.0-2-20181019-0952/bin/../lib/gcc/riscv-none-embed/8.1.0/../../../../riscv-none-embed/lib/rv32im/ilp32/;c:/users/tobias/appdata/roaming/gnu mcu eclipse/risc-v embedded gcc/8.1.0-2-20181019-0952/bin/../riscv-none-embed/lib/rv32im/ilp32/;c:/users/tobias/appdata/roaming/gnu mcu eclipse/risc-v embedded gcc/8.1.0-2-20181019-0952/bin/../lib/gcc/riscv-none-embed/8.1.0/;c:/users/tobias/appdata/roaming/gnu mcu eclipse/risc-v embedded gcc/8.1.0-2-20181019-0952/bin/../lib/gcc/;c:/users/tobias/appdata/roaming/gnu mcu eclipse/risc-v embedded gcc/8.1.0-2-20181019-0952/bin/../lib/gcc/riscv-none-embed/8.1.0/../../../../riscv-none-embed/lib/;c:/users/tobias/appdata/roaming/gnu mcu eclipse/risc-v embedded gcc/8.1.0-2-20181019-0952/bin/../riscv-none-embed/lib/
COLLECT_GCC_OPTIONS='-march=rv32im' '-mabi=ilp32' '-msmall-data-limit=' '8' '-mstrict-align' '-mno-save-restore' '-Os' '-fmessage-length=0' '-fsigned-char' '-ffunction-sections' '-fdata-sections' '-Wall' '-T' 'C:\Users\Tobias\eclipse-workspace\EV19 RISCV\ls.ld' '-nostartfiles' '-specs=nosys.specs' '-v' '-o' 'EV19 RISCV.elf'
 c:/users/tobias/appdata/roaming/gnu mcu eclipse/risc-v embedded gcc/8.1.0-2-20181019-0952/bin/../lib/gcc/riscv-none-embed/8.1.0/collect2.exe --sysroot=c:\users\tobias\appdata\roaming\gnu mcu eclipse\risc-v embedded gcc\8.1.0-2-20181019-0952\bin\../riscv-none-embed -melf32lriscv -o EV19 RISCV.elf -Lc:/users/tobias/appdata/roaming/gnu mcu eclipse/risc-v embedded gcc/8.1.0-2-20181019-0952/bin/../lib/gcc/riscv-none-embed/8.1.0/rv32im/ilp32 -Lc:/users/tobias/appdata/roaming/gnu mcu eclipse/risc-v embedded gcc/8.1.0-2-20181019-0952/bin/../lib/gcc/riscv-none-embed/8.1.0/../../../../riscv-none-embed/lib/rv32im/ilp32 -Lc:/users/tobias/appdata/roaming/gnu mcu eclipse/risc-v embedded gcc/8.1.0-2-20181019-0952/bin/../riscv-none-embed/lib/rv32im/ilp32 -Lc:/users/tobias/appdata/roaming/gnu mcu eclipse/risc-v embedded gcc/8.1.0-2-20181019-0952/bin/../lib/gcc/riscv-none-embed/8.1.0 -Lc:/users/tobias/appdata/roaming/gnu mcu eclipse/risc-v embedded gcc/8.1.0-2-20181019-0952/bin/../lib/gcc -Lc:/users/tobias/appdata/roaming/gnu mcu eclipse/risc-v embedded gcc/8.1.0-2-20181019-0952/bin/../lib/gcc/riscv-none-embed/8.1.0/../../../../riscv-none-embed/lib -Lc:/users/tobias/appdata/roaming/gnu mcu eclipse/risc-v embedded gcc/8.1.0-2-20181019-0952/bin/../riscv-none-embed/lib --gc-sections -Map EV19 RISCV.map ./libfixmath/fix16.o ./libfixmath/fix16_exp.o ./libfixmath/fix16_sqrt.o ./libfixmath/fix16_trig.o ./libfixmath/fract32.o ./libfixmath/uint32.o ./Drivers/Keyboard.o ./Drivers/PS2.o ./main.o ./start.o -lgcc --start-group -lgcc -lg -lc --end-group -lgcc --start-group -lgcc -lc -lnosys --end-group -T C:\Users\Tobias\eclipse-workspace\EV19 RISCV\ls.ld
COLLECT_GCC_OPTIONS='-march=rv32im' '-mabi=ilp32' '-msmall-data-limit=' '8' '-mstrict-align' '-mno-save-restore' '-Os' '-fmessage-length=0' '-fsigned-char' '-ffunction-sections' '-fdata-sections' '-Wall' '-T' 'C:\Users\Tobias\eclipse-workspace\EV19 RISCV\ls.ld' '-nostartfiles' '-specs=nosys.specs' '-v' '-o' 'EV19 RISCV.elf'
Finished building target: EV19 RISCV.elf
 
Invoking: GNU RISC-V Cross Create Flash Image
riscv-none-embed-objcopy -O ihex -j .text --reverse-bytes=4 ".elf" "ROM.hex"  && C:\Users\Tobias\eclipse-workspace/hex2mif.exe 4096 ROM.hex && riscv-none-embed-objcopy -O ihex -j .data --reverse-bytes=4 ".elf" "RAM.hex" && C:\Users\Tobias\eclipse-workspace/hex2mif.exe 1024 "RAM.hex" && quartus_stp -t programmer.tcl
riscv-none-embed-objcopy: '.elf': No such file
make: *** [makefile:54: EV19 RISCV.hex] Error 1
"make all" terminated with exit code 2. Build might be incomplete.

04:29:59 Build Failed. 1 errors, 10 warnings. (took 8s.14ms)

