   1              		.file	"fix16_exp.c"
   2              		.option nopic
   3              		.text
   4              		.globl	__divdi3
   5              		.section	.text.fix16_exp,"ax",@progbits
   6              		.align	2
   7              		.globl	fix16_exp
   9              	fix16_exp:
  10 0000 63080516 		beqz	a0,.L5
  11 0004 130101FD 		addi	sp,sp,-48
  12 0008 23248102 		sw	s0,40(sp)
  13 000c 23229102 		sw	s1,36(sp)
  14 0010 23261102 		sw	ra,44(sp)
  15 0014 23202103 		sw	s2,32(sp)
  16 0018 232E3101 		sw	s3,28(sp)
  17 001c 232C4101 		sw	s4,24(sp)
  18 0020 232A5101 		sw	s5,20(sp)
  19 0024 23286101 		sw	s6,16(sp)
  20 0028 23267101 		sw	s7,12(sp)
  21 002c 23248101 		sw	s8,8(sp)
  22 0030 23229101 		sw	s9,4(sp)
  23 0034 2320A101 		sw	s10,0(sp)
  24 0038 B7040100 		li	s1,65536
  25 003c 13040500 		mv	s0,a0
  26 0040 630C9512 		beq	a0,s1,.L6
  27 0044 37670A00 		li	a4,679936
  28 0048 1307F75A 		addi	a4,a4,1455
  29 004c 634CA712 		bgt	a0,a4,.L7
  30 0050 37F7F4FF 		li	a4,-724992
  31 0054 1307F78D 		addi	a4,a4,-1825
  32 0058 13050000 		li	a0,0
  33 005c 6340E404 		blt	s0,a4,.L1
  34 0060 93594440 		srai	s3,s0,4
  35 0064 B3C98900 		xor	s3,s3,s0
  36 0068 93994901 		slli	s3,s3,20
  37 006c B7060000 		lui	a3,%hi(_fix16_exp_cache_index)
  38 0070 93D94901 		srli	s3,s3,20
  39 0074 93992900 		slli	s3,s3,2
  40 0078 13870600 		addi	a4,a3,%lo(_fix16_exp_cache_index)
  41 007c 3387E900 		add	a4,s3,a4
  42 0080 03270700 		lw	a4,0(a4)
  43 0084 138C0600 		addi	s8,a3,%lo(_fix16_exp_cache_index)
  44 0088 63168704 		bne	a4,s0,.L3
  45 008c B7070000 		lui	a5,%hi(_fix16_exp_cache_value)
  46 0090 93870700 		addi	a5,a5,%lo(_fix16_exp_cache_value)
  47 0094 B389F900 		add	s3,s3,a5
  48 0098 03A50900 		lw	a0,0(s3)
  49              	.L1:
  50 009c 8320C102 		lw	ra,44(sp)
  51 00a0 03248102 		lw	s0,40(sp)
  52 00a4 83244102 		lw	s1,36(sp)
  53 00a8 03290102 		lw	s2,32(sp)
  54 00ac 8329C101 		lw	s3,28(sp)
  55 00b0 032A8101 		lw	s4,24(sp)
  56 00b4 832A4101 		lw	s5,20(sp)
  57 00b8 032B0101 		lw	s6,16(sp)
  58 00bc 832BC100 		lw	s7,12(sp)
  59 00c0 032C8100 		lw	s8,8(sp)
  60 00c4 832C4100 		lw	s9,4(sp)
  61 00c8 032D0100 		lw	s10,0(sp)
  62 00cc 13010103 		addi	sp,sp,48
  63 00d0 67800000 		jr	ra
  64              	.L3:
  65 00d4 935BF441 		srai	s7,s0,31
  66 00d8 B3049400 		add	s1,s0,s1
  67 00dc 130A0400 		mv	s4,s0
  68 00e0 13890B00 		mv	s2,s7
  69 00e4 130B2000 		li	s6,2
  70 00e8 930A3000 		li	s5,3
  71 00ec 378D0000 		li	s10,32768
  72 00f0 930CD000 		li	s9,13
  73              	.L4:
  74 00f4 33874B03 		mul	a4,s7,s4
  75 00f8 13060B00 		mv	a2,s6
  76 00fc 9356FB41 		srai	a3,s6,31
  77 0100 33098902 		mul	s2,s2,s0
  78 0104 B3074403 		mul	a5,s0,s4
  79 0108 33092701 		add	s2,a4,s2
  80 010c 333A4403 		mulhu	s4,s0,s4
  81 0110 33074901 		add	a4,s2,s4
  82 0114 338AA701 		add	s4,a5,s10
  83 0118 3339FA00 		sltu	s2,s4,a5
  84 011c 3309E900 		add	s2,s2,a4
  85 0120 93170901 		slli	a5,s2,16
  86 0124 135A0A01 		srli	s4,s4,16
  87 0128 33EA4701 		or	s4,a5,s4
  88 012c 13590941 		srai	s2,s2,16
  89 0130 13050A00 		mv	a0,s4
  90 0134 93050900 		mv	a1,s2
  91 0138 97000000 		call	__divdi3
  91      E7800000 
  92 0140 330B5B03 		mul	s6,s6,s5
  93 0144 938A1A00 		addi	s5,s5,1
  94 0148 B384A400 		add	s1,s1,a0
  95 014c E3949AFB 		bne	s5,s9,.L4
  96 0150 B3073C01 		add	a5,s8,s3
  97 0154 23A08700 		sw	s0,0(a5)
  98 0158 B7070000 		lui	a5,%hi(_fix16_exp_cache_value)
  99 015c 93870700 		addi	a5,a5,%lo(_fix16_exp_cache_value)
 100 0160 B3893701 		add	s3,a5,s3
 101 0164 13850400 		mv	a0,s1
 102 0168 23A09900 		sw	s1,0(s3)
 103 016c 6FF01FF3 		j	.L1
 104              	.L5:
 105 0170 37050100 		li	a0,65536
 106 0174 67800000 		ret
 107              	.L6:
 108 0178 37B50200 		li	a0,176128
 109 017c 1305157E 		addi	a0,a0,2017
 110 0180 6FF0DFF1 		j	.L1
 111              	.L7:
 112 0184 37050080 		li	a0,-2147483648
 113 0188 1345F5FF 		xori	a0,a0,-1
 114 018c 6FF01FF1 		j	.L1
 116              		.section	.bss._fix16_exp_cache_index,"aw",@nobits
 117              		.align	2
 120              	_fix16_exp_cache_index:
 121 0000 00000000 		.zero	16384
 121      00000000 
 121      00000000 
 121      00000000 
 121      00000000 
 122              		.section	.bss._fix16_exp_cache_value,"aw",@nobits
 123              		.align	2
 126              	_fix16_exp_cache_value:
 127 0000 00000000 		.zero	16384
 127      00000000 
 127      00000000 
 127      00000000 
 127      00000000 
 128              		.ident	"GCC: (GNU MCU Eclipse RISC-V Embedded GCC, 64-bit) 8.1.0"
DEFINED SYMBOLS
                            *ABS*:0000000000000000 fix16_exp.c
C:\Users\Tobias\AppData\Local\Temp\ccGOrikR.s:9      .text.fix16_exp:0000000000000000 fix16_exp
C:\Users\Tobias\AppData\Local\Temp\ccGOrikR.s:120    .bss._fix16_exp_cache_index:0000000000000000 _fix16_exp_cache_index
C:\Users\Tobias\AppData\Local\Temp\ccGOrikR.s:126    .bss._fix16_exp_cache_value:0000000000000000 _fix16_exp_cache_value
C:\Users\Tobias\AppData\Local\Temp\ccGOrikR.s:104    .text.fix16_exp:0000000000000170 .L5
C:\Users\Tobias\AppData\Local\Temp\ccGOrikR.s:107    .text.fix16_exp:0000000000000178 .L6
C:\Users\Tobias\AppData\Local\Temp\ccGOrikR.s:111    .text.fix16_exp:0000000000000184 .L7
C:\Users\Tobias\AppData\Local\Temp\ccGOrikR.s:49     .text.fix16_exp:000000000000009c .L1
C:\Users\Tobias\AppData\Local\Temp\ccGOrikR.s:64     .text.fix16_exp:00000000000000d4 .L3
C:\Users\Tobias\AppData\Local\Temp\ccGOrikR.s:73     .text.fix16_exp:00000000000000f4 .L4

UNDEFINED SYMBOLS
__divdi3
