   1              		.file	"fix16_sqrt.c"
   2              		.option nopic
   3              		.text
   4              		.section	.text.fix16_sqrt,"ax",@progbits
   5              		.align	2
   6              		.globl	fix16_sqrt
   8              	fix16_sqrt:
   9 0000 93070500 		mv	a5,a0
  10 0004 63540500 		bgez	a0,.L3
  11 0008 B307A040 		sub	a5,zero,a0
  12              	.L3:
  13 000c B706F0FF 		li	a3,-1048576
  14 0010 B3F6D700 		and	a3,a5,a3
  15 0014 37070040 		li	a4,1073741824
  16 0018 63940600 		bnez	a3,.L5
  17 001c 37070400 		li	a4,262144
  18              	.L5:
  19 0020 63E0E702 		bgtu	a4,a5,.L6
  20 0024 93060000 		li	a3,0
  21              	.L9:
  22 0028 63060702 		beqz	a4,.L7
  23 002c 3306D700 		add	a2,a4,a3
  24 0030 93D61600 		srli	a3,a3,1
  25 0034 63FAC700 		bgeu	a5,a2,.L8
  26              	.L10:
  27 0038 13572700 		srli	a4,a4,2
  28 003c 6FF0DFFE 		j	.L9
  29              	.L6:
  30 0040 13572700 		srli	a4,a4,2
  31 0044 6FF0DFFD 		j	.L5
  32              	.L8:
  33 0048 B387C740 		sub	a5,a5,a2
  34 004c B386E600 		add	a3,a3,a4
  35 0050 6FF09FFE 		j	.L10
  36              	.L7:
  37 0054 37060100 		li	a2,65536
  38 0058 13970601 		slli	a4,a3,16
  39 005c 63F0C704 		bgeu	a5,a2,.L11
  40 0060 93970701 		slli	a5,a5,16
  41              	.L12:
  42 0064 B7460000 		li	a3,16384
  43              	.L14:
  44 0068 3386E600 		add	a2,a3,a4
  45 006c 13571700 		srli	a4,a4,1
  46 0070 63E6C700 		bgtu	a2,a5,.L13
  47 0074 B387C740 		sub	a5,a5,a2
  48 0078 3307D700 		add	a4,a4,a3
  49              	.L13:
  50 007c 93D62600 		srli	a3,a3,2
  51 0080 E39406FE 		bnez	a3,.L14
  52 0084 6374F700 		bleu	a5,a4,.L15
  53 0088 13071700 		addi	a4,a4,1
  54              	.L15:
  55 008c 63540500 		bgez	a0,.L1
  56 0090 3307E040 		sub	a4,zero,a4
  57              	.L1:
  58 0094 13050700 		mv	a0,a4
  59 0098 67800000 		ret
  60              	.L11:
  61 009c B387D740 		sub	a5,a5,a3
  62 00a0 93970701 		slli	a5,a5,16
  63 00a4 B786FFFF 		li	a3,-32768
  64 00a8 B387D700 		add	a5,a5,a3
  65 00ac B7860000 		li	a3,32768
  66 00b0 3307D700 		add	a4,a4,a3
  67 00b4 6FF01FFB 		j	.L12
  69              		.ident	"GCC: (GNU MCU Eclipse RISC-V Embedded GCC, 64-bit) 8.1.0"
DEFINED SYMBOLS
                            *ABS*:0000000000000000 fix16_sqrt.c
C:\Users\Tobias\AppData\Local\Temp\ccLCB51F.s:8      .text.fix16_sqrt:0000000000000000 fix16_sqrt
C:\Users\Tobias\AppData\Local\Temp\ccLCB51F.s:12     .text.fix16_sqrt:000000000000000c .L3
C:\Users\Tobias\AppData\Local\Temp\ccLCB51F.s:18     .text.fix16_sqrt:0000000000000020 .L5
C:\Users\Tobias\AppData\Local\Temp\ccLCB51F.s:29     .text.fix16_sqrt:0000000000000040 .L6
C:\Users\Tobias\AppData\Local\Temp\ccLCB51F.s:36     .text.fix16_sqrt:0000000000000054 .L7
C:\Users\Tobias\AppData\Local\Temp\ccLCB51F.s:32     .text.fix16_sqrt:0000000000000048 .L8
C:\Users\Tobias\AppData\Local\Temp\ccLCB51F.s:21     .text.fix16_sqrt:0000000000000028 .L9
C:\Users\Tobias\AppData\Local\Temp\ccLCB51F.s:26     .text.fix16_sqrt:0000000000000038 .L10
C:\Users\Tobias\AppData\Local\Temp\ccLCB51F.s:60     .text.fix16_sqrt:000000000000009c .L11
C:\Users\Tobias\AppData\Local\Temp\ccLCB51F.s:49     .text.fix16_sqrt:000000000000007c .L13
C:\Users\Tobias\AppData\Local\Temp\ccLCB51F.s:43     .text.fix16_sqrt:0000000000000068 .L14
C:\Users\Tobias\AppData\Local\Temp\ccLCB51F.s:54     .text.fix16_sqrt:000000000000008c .L15
C:\Users\Tobias\AppData\Local\Temp\ccLCB51F.s:57     .text.fix16_sqrt:0000000000000094 .L1
C:\Users\Tobias\AppData\Local\Temp\ccLCB51F.s:41     .text.fix16_sqrt:0000000000000064 .L12

NO UNDEFINED SYMBOLS
