   1              		.file	"uint32.c"
   2              		.option nopic
   3              		.text
   4              		.section	.text.uint32_log2,"ax",@progbits
   5              		.align	2
   6              		.globl	uint32_log2
   8              	uint32_log2:
   9 0000 630A0504 		beqz	a0,.L2
  10 0004 37070100 		li	a4,65536
  11 0008 93070000 		li	a5,0
  12 000c 6366E500 		bltu	a0,a4,.L3
  13 0010 13550501 		srli	a0,a0,16
  14 0014 93070001 		li	a5,16
  15              	.L3:
  16 0018 1307F00F 		li	a4,255
  17 001c 6376A700 		bleu	a0,a4,.L4
  18 0020 13558500 		srli	a0,a0,8
  19 0024 93878700 		addi	a5,a5,8
  20              	.L4:
  21 0028 1307F000 		li	a4,15
  22 002c 6376A700 		bleu	a0,a4,.L5
  23 0030 13554500 		srli	a0,a0,4
  24 0034 93874700 		addi	a5,a5,4
  25              	.L5:
  26 0038 13073000 		li	a4,3
  27 003c 637EA700 		bleu	a0,a4,.L8
  28 0040 13572500 		srli	a4,a0,2
  29 0044 13852700 		addi	a0,a5,2
  30              	.L6:
  31 0048 93071000 		li	a5,1
  32 004c 6304F700 		beq	a4,a5,.L2
  33 0050 13051500 		addi	a0,a0,1
  34              	.L2:
  35 0054 67800000 		ret
  36              	.L8:
  37 0058 13070500 		mv	a4,a0
  38 005c 13850700 		mv	a0,a5
  39 0060 6FF09FFE 		j	.L6
  41              		.ident	"GCC: (GNU MCU Eclipse RISC-V Embedded GCC, 64-bit) 8.1.0"
DEFINED SYMBOLS
                            *ABS*:0000000000000000 uint32.c
C:\Users\Tobias\AppData\Local\Temp\ccHVacn8.s:8      .text.uint32_log2:0000000000000000 uint32_log2
C:\Users\Tobias\AppData\Local\Temp\ccHVacn8.s:34     .text.uint32_log2:0000000000000054 .L2
C:\Users\Tobias\AppData\Local\Temp\ccHVacn8.s:15     .text.uint32_log2:0000000000000018 .L3
C:\Users\Tobias\AppData\Local\Temp\ccHVacn8.s:20     .text.uint32_log2:0000000000000028 .L4
C:\Users\Tobias\AppData\Local\Temp\ccHVacn8.s:25     .text.uint32_log2:0000000000000038 .L5
C:\Users\Tobias\AppData\Local\Temp\ccHVacn8.s:36     .text.uint32_log2:0000000000000058 .L8
C:\Users\Tobias\AppData\Local\Temp\ccHVacn8.s:30     .text.uint32_log2:0000000000000048 .L6

NO UNDEFINED SYMBOLS
