Flow report for EV19_RISCV
Tue Jul 02 03:25:27 2019
Quartus Prime Version 18.1.0 Build 625 09/12/2018 SJ Lite Edition


---------------------
; Table of Contents ;
---------------------
  1. Legal Notice
  2. Flow Summary
  3. Flow Settings
  4. Flow Non-Default Global Settings
  5. Flow Elapsed Time
  6. Flow OS Summary
  7. Flow Log
  8. Flow Messages
  9. Flow Suppressed Messages



----------------
; Legal Notice ;
----------------
Copyright (C) 2018  Intel Corporation. All rights reserved.
Your use of Intel Corporation's design tools, logic functions 
and other software and tools, and its AMPP partner logic 
functions, and any output files from any of the foregoing 
(including device programming or simulation files), and any 
associated documentation or information are expressly subject 
to the terms and conditions of the Intel Program License 
Subscription Agreement, the Intel Quartus Prime License Agreement,
the Intel FPGA IP License Agreement, or other applicable license
agreement, including, without limitation, that your use is for
the sole purpose of programming logic devices manufactured by
Intel and sold by Intel or its authorized distributors.  Please
refer to the applicable agreement for further details.



+----------------------------------------------------------------------------------+
; Flow Summary                                                                     ;
+------------------------------------+---------------------------------------------+
; Flow Status                        ; Successful - Tue Jul 02 03:25:27 2019       ;
; Quartus Prime Version              ; 18.1.0 Build 625 09/12/2018 SJ Lite Edition ;
; Revision Name                      ; EV19_RISCV                                  ;
; Top-level Entity Name              ; TopLevel                                    ;
; Family                             ; Cyclone IV E                                ;
; Device                             ; EP4CE22F17C6                                ;
; Timing Models                      ; Final                                       ;
; Total logic elements               ; 9,741 / 22,320 ( 44 % )                     ;
;     Total combinational functions  ; 8,994 / 22,320 ( 40 % )                     ;
;     Dedicated logic registers      ; 4,313 / 22,320 ( 19 % )                     ;
; Total registers                    ; 4382                                        ;
; Total pins                         ; 74 / 154 ( 48 % )                           ;
; Total virtual pins                 ; 0                                           ;
; Total memory bits                  ; 244,796 / 608,256 ( 40 % )                  ;
; Embedded Multiplier 9-bit elements ; 16 / 132 ( 12 % )                           ;
; Total PLLs                         ; 1 / 4 ( 25 % )                              ;
+------------------------------------+---------------------------------------------+


+-----------------------------------------+
; Flow Settings                           ;
+-------------------+---------------------+
; Option            ; Setting             ;
+-------------------+---------------------+
; Start date & time ; 07/02/2019 03:13:10 ;
; Main task         ; Compilation         ;
; Revision Name     ; EV19_RISCV          ;
+-------------------+---------------------+


+------------------------------------------------------------------------------------------------------------------------------+
; Flow Non-Default Global Settings                                                                                             ;
+--------------------------------------+----------------------------------------+---------------+-------------+----------------+
; Assignment Name                      ; Value                                  ; Default Value ; Entity Name ; Section Id     ;
+--------------------------------------+----------------------------------------+---------------+-------------+----------------+
; COMPILER_SIGNATURE_ID                ; 963354635488.156204798905556           ; --            ; --          ; --             ;
; EDA_DESIGN_INSTANCE_NAME             ; uut                                    ; --            ; --          ; CoreTestbench  ;
; EDA_NATIVELINK_SIMULATION_TEST_BENCH ; CoreTestbench                          ; --            ; --          ; eda_simulation ;
; EDA_OUTPUT_DATA_FORMAT               ; Vhdl                                   ; --            ; --          ; eda_simulation ;
; EDA_SIMULATION_RUN_SCRIPT            ; simulation/modelsim/simulate.do        ; --            ; --          ; eda_simulation ;
; EDA_SIMULATION_TOOL                  ; ModelSim-Altera (VHDL)                 ; <None>        ; --          ; --             ;
; EDA_TEST_BENCH_ENABLE_STATUS         ; COMMAND_MACRO_MODE                     ; --            ; --          ; eda_simulation ;
; EDA_TEST_BENCH_FILE                  ; testbenches/CoreTestBench.vhd          ; --            ; --          ; CoreTestbench  ;
; EDA_TEST_BENCH_MODULE_NAME           ; CoreTestbench                          ; --            ; --          ; CoreTestbench  ;
; EDA_TEST_BENCH_NAME                  ; CoreTestbench                          ; --            ; --          ; eda_simulation ;
; EDA_TIME_SCALE                       ; 1 ps                                   ; --            ; --          ; eda_simulation ;
; ENABLE_SIGNALTAP                     ; Off                                    ; --            ; --          ; --             ;
; FITTER_EFFORT                        ; Standard Fit                           ; Auto Fit      ; --          ; --             ;
; FLOW_ENABLE_IO_ASSIGNMENT_ANALYSIS   ; On                                     ; Off           ; --          ; --             ;
; MAX_CORE_JUNCTION_TEMP               ; 85                                     ; --            ; --          ; --             ;
; MIN_CORE_JUNCTION_TEMP               ; 0                                      ; --            ; --          ; --             ;
; NOMINAL_CORE_SUPPLY_VOLTAGE          ; 1.2V                                   ; --            ; --          ; --             ;
; NUM_PARALLEL_PROCESSORS              ; All                                    ; --            ; --          ; --             ;
; OPTIMIZATION_MODE                    ; High Performance Effort                ; Balanced      ; --          ; --             ;
; PARTITION_COLOR                      ; -- (Not supported for targeted family) ; --            ; TopLevel    ; Top            ;
; PARTITION_FITTER_PRESERVATION_LEVEL  ; -- (Not supported for targeted family) ; --            ; TopLevel    ; Top            ;
; PARTITION_NETLIST_TYPE               ; -- (Not supported for targeted family) ; --            ; TopLevel    ; Top            ;
; PHYSICAL_SYNTHESIS_COMBO_LOGIC       ; On                                     ; Off           ; --          ; --             ;
; PHYSICAL_SYNTHESIS_REGISTER_RETIMING ; On                                     ; Off           ; --          ; --             ;
; PLACEMENT_EFFORT_MULTIPLIER          ; 4.0                                    ; 1.0           ; --          ; --             ;
; POWER_BOARD_THERMAL_MODEL            ; None (CONSERVATIVE)                    ; --            ; --          ; --             ;
; POWER_PRESET_COOLING_SOLUTION        ; No Heat Sink With Still Air            ; --            ; --          ; --             ;
; PROJECT_OUTPUT_DIRECTORY             ; Output Files                           ; --            ; --          ; --             ;
; ROUTER_TIMING_OPTIMIZATION_LEVEL     ; MAXIMUM                                ; Normal        ; --          ; --             ;
; SMART_RECOMPILE                      ; On                                     ; Off           ; --          ; --             ;
; TOP_LEVEL_ENTITY                     ; TopLevel                               ; EV19_RISCV    ; --          ; --             ;
; USE_SIGNALTAP_FILE                   ; TestLed.stp                            ; --            ; --          ; --             ;
; VHDL_INPUT_VERSION                   ; VHDL_2008                              ; VHDL_1993     ; --          ; --             ;
; VHDL_SHOW_LMF_MAPPING_MESSAGES       ; Off                                    ; --            ; --          ; --             ;
+--------------------------------------+----------------------------------------+---------------+-------------+----------------+


+-----------------------------------------------------------------------------------------------------------------------------+
; Flow Elapsed Time                                                                                                           ;
+-------------------------+--------------+-------------------------+---------------------+------------------------------------+
; Module Name             ; Elapsed Time ; Average Processors Used ; Peak Virtual Memory ; Total CPU Time (on all processors) ;
+-------------------------+--------------+-------------------------+---------------------+------------------------------------+
; Analysis & Synthesis    ; 00:07:14     ; 1.0                     ; 5088 MB             ; 00:07:55                           ;
; I/O Assignment Analysis ; 00:00:25     ; 1.0                     ; 4981 MB             ; 00:00:19                           ;
; Fitter                  ; 00:02:48     ; 1.0                     ; 5414 MB             ; 00:03:54                           ;
; Assembler               ; 00:00:06     ; 1.0                     ; 4729 MB             ; 00:00:05                           ;
; Timing Analyzer         ; 00:00:17     ; 1.1                     ; 4874 MB             ; 00:00:16                           ;
; EDA Netlist Writer      ; 00:00:31     ; 1.0                     ; 4787 MB             ; 00:00:25                           ;
; Total                   ; 00:11:21     ; --                      ; --                  ; 00:12:54                           ;
+-------------------------+--------------+-------------------------+---------------------+------------------------------------+


+---------------------------------------------------------------------------------------+
; Flow OS Summary                                                                       ;
+-------------------------+------------------+------------+------------+----------------+
; Module Name             ; Machine Hostname ; OS Name    ; OS Version ; Processor type ;
+-------------------------+------------------+------------+------------+----------------+
; Analysis & Synthesis    ; TOBI-NOTEBOOK    ; Windows 10 ; 10.0       ; x86_64         ;
; I/O Assignment Analysis ; TOBI-NOTEBOOK    ; Windows 10 ; 10.0       ; x86_64         ;
; Fitter                  ; TOBI-NOTEBOOK    ; Windows 10 ; 10.0       ; x86_64         ;
; Assembler               ; TOBI-NOTEBOOK    ; Windows 10 ; 10.0       ; x86_64         ;
; Timing Analyzer         ; TOBI-NOTEBOOK    ; Windows 10 ; 10.0       ; x86_64         ;
; EDA Netlist Writer      ; TOBI-NOTEBOOK    ; Windows 10 ; 10.0       ; x86_64         ;
+-------------------------+------------------+------------+------------+----------------+


------------
; Flow Log ;
------------
quartus_map --read_settings_files=on --write_settings_files=off EV19_RISCV -c EV19_RISCV
quartus_fit --read_settings_files=off --write_settings_files=off EV19_RISCV -c EV19_RISCV --plan
quartus_fit --read_settings_files=off --write_settings_files=off EV19_RISCV -c EV19_RISCV
quartus_asm --read_settings_files=off --write_settings_files=off EV19_RISCV -c EV19_RISCV
quartus_sta EV19_RISCV -c EV19_RISCV
quartus_eda --read_settings_files=off --write_settings_files=off EV19_RISCV -c EV19_RISCV



